=~=~=~=~=~=~=~=~=~=~=~= PuTTY log 2025.03.04 12:47:22 =~=~=~=~=~=~=~=~=~=~=~=
Angle: 0
Distance: nan

Angle: 2
Distance: nan

Angle: 4
Distance: nan

Angle: 6
Distance: nan

Angle: 8
Distance: nan

Angle: 10
Distance: nan

Angle: 12
Distance: nan

Angle: 14
Distance: nan

Angle: 16
Distance: nan

Angle: 18
Distance: nan

Angle: 20
Distance: nan

Angle: 22
Distance: nan

Angle: 24
Distance: nan

Angle: 26
Distance: nan

Angle: 28
Distance: nan

Angle: 30
Distance: nan

Angle: 32
Distance: nan

Angle: 34
Distance: nan

Scan cancelledAngle: 181
Distance: nan

Angle: 0
Distance: nan

Angle: 2
Distance: nan

Angle: 4
Distance: nan

Angle: 6
Distance: nan

Angle: 8
Distance: nan

Angle: 10
Distance: nan

Angle: 12
Distance: nan

Angle: 14
Distance: nan

Angle: 16
Distance: nan

Angle: 18
Distance: nan

Angle: 20
Distance: nan

Angle: 22
Distance: nan

Angle: 24
Distance: nan

Angle: 26
Distance: nan

Angle: 28
Distance: nan

Angle: 30
Distance: nan

Scan cancelledAngle: 0
Distance: nan

Angle: 2
Distance: nan

Angle: 4
Distance: nan

Angle: 6
Distance: nan

Angle: 8
Distance: nan

Angle: 10
Distance: nan

Angle: 12
Distance: nan

Angle: 14
Distance: nan

Angle: 16
Distance: nan

Angle: 18
Distance: nan

Angle: 20
Distance: nan

Angle: 22
Distance: nan

Angle: 24
Distance: nan

Angle: 26
Distance: nan

Angle: 28
Distance: nan

Angle: 30
Distance: nan

Angle: 32
Distance: nan

Angle: 34
Distance: nan

Angle: 36
Distance: nan

Angle: 38
Distance: nan

Angle: 40
Distance: nan

Angle: 42
Distance: nan

Angle: 44
Distance: nan

Scan cancelledAngle: 0
Distance: nan

Angle: 2
Distance: nan

Angle: 4
Distance: nan

Angle: 6
Distance: nan

Angle: 8
Distance: nan

Angle: 10
Distance: nan

Angle: 12
Distance: nan

Angle: 14
Distance: nan

Angle: 16
Distance: nan

Angle: 18
Distance: nan

Angle: 20
Distance: nan

Angle: 22
Distance: nan

Angle: 24
Distance: nan

Angle: 26
Distance: nan

Angle: 28
Distance: nan

Angle: 30
Distance: nan

Angle: 32
Distance: nan

Angle: 34
Distance: nan

Angle: 36
Distance: nan

Angle: 38
Distance: nan

Angle: 40
Distance: nan

Angle: 42
Distance: nan

Angle: 44
Distance: nan

Angle: 46
Distance: nan

Angle: 48
Distance: nan

Scan cancelledAngle: 0
Distance: nan

Angle: 2
Distance: nan

Angle: 4
Distance: nan

Angle: 6
Distance: nan

Angle: 8
Distance: nan

Scan cancelledAngle: 0
Distance: nan

Angle: 2
Distance: nan

Angle: 4
Distance: nan

Angle: 6
Distance: nan

Angle: 8
Distance: nan

Angle: 10
Distance: nan

Angle: 12
Distance: nan

Angle: 14
Distance: nan

Angle: 16
Distance: nan

Angle: 18
Distance: nan

Angle: 20
Distance: nan

Angle: 22
Distance: nan

Angle: 24
Distance: nan

Angle: 26
Distance: nan

Angle: 28
Distance: nan

Scan cancelled
fjfiriweijdjidfjgrjwr
ghuruhqwehujhdj
weuhiwehuwgjh
bjfrjkrjfkjcf
gwjiwgjwgrlkjigr
grjiwrjiwrijwgrji
wgrmkjwrgkkmgr
egrkjlergjkwj
wgrlkjiwrkjil
ernlwqweosetsrtoqlkeah[l
eghlijeagr'plgfnhslk
gAngle: 0
Distance: nan

Angle: 2
Distance: nan

Angle: 4
Distance: nan

Angle: 6
Distance: nan

Angle: 8
Distance: nan

Angle: 10
Distance: nan

Angle: 12
Distance: nan

Angle: 14
Distance: nan

Angle: 16
Distance: nan

Angle: 18
Distance: nan

Angle: 20
Distance: nan

Angle: 22
Distance: nan

Angle: 24
Distance: nan

Angle: 26
Distance: nan

sAngle: 28
Distance: nan

Angle: 30
Distance: nan

Angle: 32
Distance: nan

Angle: 34
Distance: nan

sAngle: 36
Distance: nan

sAngle: 38
Distance: nan

sAngle: 40
Distance: nan

sAngle: 42
Distance: nan

ssAngle: 44
Distance: nan

sAngle: 46
Distance: nan

sAngle: 48
Distance: nan

ssAngle: 50
Distance: nan

sAngle: 52
Distance: nan

sAngle: 54
Distance: nan

ssAngle: 56
Distance: nan

sAngle: 58
Distance: nan

sAngle: 60
Distance: nan

ssAngle: 62
Distance: nan

sAngle: 64
Distance: nan

ssAngle: 66
Distance: nan

sAngle: 68
Distance: nan

sAngle: 70
Distance: nan

sAngle: 72
Distance: nan

Angle: 74
Distance: nan

sAngle: 76
Distance: nan

Angle: 78
Distance: nan

Angle: 80
Distance: nan

Angle: 82
Distance: nan

Angle: 84
Distance: nan

Angle: 86
Distance: nan

Angle: 88
Distance: nan

Angle: 90
Distance: nan

Angle: 92
Distance: nan

Angle: 94
Distance: nan

Angle: 96
Distance: nan

Angle: 98
Distance: nan

Angle: 100
Distance: nan

Angle: 102
Distance: nan

Angle: 104
Distance: nan

Angle: 106
Distance: nan

Angle: 108
Distance: nan

Angle: 110
Distance: nan

Angle: 112
Distance: nan

Angle: 114
Distance: nan

Angle: 116
Distance: nan

Angle: 118
Distance: nan

Angle: 120
Distance: nan

Angle: 122
Distance: nan

Angle: 124
Distance: nan

Angle: 126
Distance: nan

Angle: 128
Distance: nan

Angle: 130
Distance: nan

Angle: 132
Distance: nan

Angle: 134
Distance: nan

Angle: 136
Distance: nan

Angle: 138
Distance: nan

Angle: 140
Distance: nan

Angle: 142
Distance: nan

Angle: 144
Distance: nan

Angle: 146
Distance: nan

Angle: 148
Distance: nan

Angle: 150
Distance: nan

Angle: 152
Distance: nan

Angle: 154
Distance: nan

Angle: 156
Distance: nan

Angle: 158
Distance: nan

Angle: 160
Distance: nan

Angle: 162
Distance: nan

Angle: 164
Distance: nan

Angle: 166
Distance: nan

Angle: 168
Distance: nan

Angle: 170
Distance: nan

Angle: 172
Distance: nan

Angle: 174
Distance: nan

Angle: 176
Distance: nan

Angle: 178
Distance: nan

Angle: 180
Distance: nan

Angle: 0
Distance: nan

Angle: 2
Distance: nan

Angle: 4
Distance: nan

Angle: 6
Distance: nan

Angle: 8
Distance: nan

Angle: 10
Distance: nan

Angle: 12
Distance: nan

Angle: 14
Distance: nan

Angle: 16
Distance: nan

Angle: 18
Distance: nan

Angle: 20
Distance: nan

Angle: 22
Distance: nan

Angle: 24
Distance: nan

Angle: 26
Distance: nan

Angle: 28
Distance: nan

Angle: 30
Distance: nan

Angle: 32
Distance: nan

Angle: 34
Distance: nan

Angle: 36
Distance: nan

Angle: 38
Distance: nan

Angle: 40
Distance: nan

Angle: 42
Distance: nan

Angle: 44
Distance: nan

Angle: 46
Distance: nan

Angle: 48
Distance: nan

Angle: 50
Distance: nan

Angle: 52
Distance: nan

Angle: 54
Distance: nan

Angle: 56
Distance: nan

Angle: 58
Distance: nan

Angle: 60
Distance: nan

Angle: 62
Distance: nan

Angle: 64
Distance: nan

Angle: 66
Distance: nan

Angle: 68
Distance: nan

Angle: 70
Distance: nan

Angle: 72
Distance: nan

Angle: 74
Distance: nan

Angle: 76
Distance: nan

Angle: 78
Distance: nan

Angle: 80
Distance: nan

gAngle: 0
Distance: nan

Angle: 2
Distance: nan

Angle: 4
Distance: nan

Angle: 6
Distance: nan

Angle: 8
Distance: nan

Angle: 10
Distance: nan

Angle: 12
Distance: nan

Angle: 14
Distance: nan

Angle: 16
Distance: nan

Angle: 18
Distance: nan

Angle: 20
Distance: nan

Angle: 22
Distance: nan

Angle: 24
Distance: nan

Angle: 26
Distance: nan

Angle: 28
Distance: nan

sAngle: 30
Distance: nan

Angle: 32
Distance: nan

Angle: 34
Distance: nan

sAngle: 36
Distance: nan

Angle: 38
Distance: nan

sAngle: 40
Distance: nan

sAngle: 42
Distance: nan

Angle: 44
Distance: nan

sAngle: 46
Distance: nan

sAngle: 48
Distance: nan

Angle: 50
Distance: nan

sAngle: 52
Distance: nan

sAngle: 54
Distance: nan

Angle: 56
Distance: nan

Angle: 58
Distance: nan

Angle: 60
Distance: nan

Angle: 62
Distance: nan

Angle: 64
Distance: nan

Angle: 66
Distance: nan

Angle: 68
Distance: nan

Angle: 70
Distance: nan

Angle: 72
Distance: nan

gAngle: 0
Distance: nan

Angle: 2
Distance: nan

Angle: 4
Distance: nan

Angle: 6
Distance: nan

Angle: 8
Distance: nan

Angle: 10
Distance: nan

Angle: 12
Distance: nan

Angle: 14
Distance: nan

Angle: 16
Distance: nan

Angle: 18
Distance: nan

Angle: 20
Distance: nan

Angle: 22
Distance: nan

sAngle: 24
Distance: nan

Scan cancelledgAngle: 0
Distance: nan

Angle: 2
Distance: nan

Angle: 4
Distance: nan

Angle: 6
Distance: nan

Angle: 8
Distance: nan

Angle: 10
Distance: nan

Angle: 12
Distance: nan

Angle: 14
Distance: nan

Angle: 16
Distance: nan

Angle: 18
Distance: nan

Angle: 20
Distance: nan

Angle: 22
Distance: nan

Angle: 24
Distance: nan

sAngle: 26
Distance: nan

Scan cancelledggAngle: 0
Distance: nan

Angle: 2
Distance: nan

Angle: 4
Distance: nan

Angle: 6
Distance: nan

Angle: 8
Distance: nan

Angle: 10
Distance: nan

Angle: 12
Distance: nan

Angle: 14
Distance: nan

Angle: 16
Distance: nan

Angle: 18
Distance: nan

Angle: 20
Distance: nan

Angle: 22
Distance: nan

Angle: 24
Distance: nan

Angle: 26
Distance: nan

Angle: 28
Distance: nan

Angle: 30
Distance: nan

Angle: 32
Distance: nan

Angle: 34
Distance: nan

sAngle: 36
Distance: nan

Scan cancelledgAngle: 0
Distance: nan

Angle: 2
Distance: nan

Angle: 4
Distance: nan

Angle: 6
Distance: nan

Angle: 8
Distance: nan

Angle: 10
Distance: nan

Angle: 12
Distance: nan

Angle: 14
Distance: nan

Angle: 16
Distance: nan

Angle: 18
Distance: nan

Angle: 20
Distance: nan

Angle: 22
Distance: nan

Angle: 24
Distance: nan

Angle: 26
Distance: nan

Angle: 28
Distance: nan

Angle: 30
Distance: nan

Angle: 32
Distance: nan

Angle: 34
Distance: nan

Angle: 36
Distance: nan

Angle: 38
Distance: nan

Angle: 40
Distance: nan

Angle: 42
Distance: nan

Angle: 44
Distance: nan

Angle: 46
Distance: nan

Angle: 48
Distance: nan

Angle: 50
Distance: nan

Angle: 52
Distance: nan

Angle: 54
Distance: nan

Angle: 56
Distance: nan

Angle: 58
Distance: nan

Angle: 60
Distance: nan

sAngle: 62
Distance: nan

Scan cancelled1